<?xml version="1.0" encoding="UTF-8"?>
<testsuite name="CarSetTest" tests="4" skipped="0" failures="0" errors="0" timestamp="2022-10-12T08:23:48" hostname="computer" time="0.037">
  <properties/>
  <testcase name="removeElementsFromList()" classname="CarSetTest" time="0.028"/>
  <testcase name="clearList()" classname="CarSetTest" time="0.001"/>
  <testcase name="checkItemInCollection()" classname="CarSetTest" time="0.001"/>
  <testcase name="testingAddElementsInList()" classname="CarSetTest" time="0.002"/>
  <system-out><![CDATA[]]></system-out>
  <system-err><![CDATA[]]></system-err>
</testsuite>
