<?xml version="1.0" encoding="UTF-8"?>
<testsuite name="CarSetTest" tests="3" skipped="0" failures="0" errors="0" timestamp="2022-10-11T11:05:08" hostname="computer" time="0.029">
  <properties/>
  <testcase name="removeElementsFromList()" classname="CarSetTest" time="0.023"/>
  <testcase name="clearList()" classname="CarSetTest" time="0.002"/>
  <testcase name="testingAddElementsInList()" classname="CarSetTest" time="0.002"/>
  <system-out><![CDATA[]]></system-out>
  <system-err><![CDATA[]]></system-err>
</testsuite>
