<?xml version="1.0" encoding="UTF-8"?>
<testsuite name="CarSetTest" tests="5" skipped="0" failures="0" errors="0" timestamp="2022-10-15T17:28:52" hostname="computer" time="0.033">
  <properties/>
  <testcase name="removeElementsFromList()" classname="CarSetTest" time="0.02"/>
  <testcase name="clearList()" classname="CarSetTest" time="0.002"/>
  <testcase name="testForEach()" classname="CarSetTest" time="0.002"/>
  <testcase name="checkItemInCollection()" classname="CarSetTest" time="0.002"/>
  <testcase name="testingAddElementsInList()" classname="CarSetTest" time="0.002"/>
  <system-out><![CDATA[]]></system-out>
  <system-err><![CDATA[]]></system-err>
</testsuite>
