<?xml version="1.0" encoding="UTF-8"?>
<testsuite name="QueueTest" tests="3" skipped="0" failures="0" errors="0" timestamp="2022-10-30T15:05:35" hostname="computer" time="0.032">
  <properties/>
  <testcase name="add()" classname="QueueTest" time="0.025"/>
  <testcase name="peek()" classname="QueueTest" time="0.002"/>
  <testcase name="poll()" classname="QueueTest" time="0.001"/>
  <system-out><![CDATA[]]></system-out>
  <system-err><![CDATA[]]></system-err>
</testsuite>
