<?xml version="1.0" encoding="UTF-8"?>
<testsuite name="CalculatorTest" tests="4" skipped="0" failures="0" errors="0" timestamp="2022-10-03T19:34:19" hostname="computer" time="0.026">
  <properties/>
  <testcase name="subtraction()" classname="CalculatorTest" time="0.017"/>
  <testcase name="add()" classname="CalculatorTest" time="0.002"/>
  <testcase name="division()" classname="CalculatorTest" time="0.001"/>
  <testcase name="multiple()" classname="CalculatorTest" time="0.002"/>
  <system-out><![CDATA[]]></system-out>
  <system-err><![CDATA[]]></system-err>
</testsuite>
